<?xml version="1.0" encoding="UTF-8"?>
<!-- Generated by org.testng.reporters.JUnitReportReporter -->
<testsuite hostname="DESKTOP-GB3VIQ0" failures="0" tests="1" name="testPackage.TestCart" time="98.725" errors="0" timestamp="2024-10-10T11:10:54 CEST" skipped="0">
  <testcase classname="testPackage.TestCart" name="testCartFunctionality" time="98.725">
    <system-out>
      <![CDATA[Cart testing
Cart testing
Cart testing
Cart testing
Cart testing]]>
    </system-out>
  </testcase> <!-- testCartFunctionality -->
  <system-out>
    <![CDATA[Cart testing
Cart testing
Cart testing
Cart testing
Cart testing]]>
  </system-out>
</testsuite> <!-- testPackage.TestCart -->
